Nov 17, 2020 11:14:58 PM com.mycompany.fire_alarm_system.LogGenerator <init>
INFO: Floor 0:
Location: Room 1: 
CO Sensor 31.91 Heat Sensor 0.0 Smoke Sensor 0.0
Floor 1:
Location: Room 1: 
CO Sensor 0.0 Heat Sensor 0.0 Smoke Sensor 0.0
Floor 2:
Floor 3:
Floor 4:
Floor 5:

Nov 17, 2020 11:15:08 PM com.mycompany.fire_alarm_system.LogGenerator <init>
INFO: Floor 0:
Location: Room 1: 
CO Sensor 31.91 Heat Sensor 0.0 Smoke Sensor 0.0
Floor 1:
Location: Room 1: 
CO Sensor 0.0 Heat Sensor 0.0 Smoke Sensor 0.0
Floor 2:
Floor 3:
Floor 4:
Floor 5:

Nov 17, 2020 11:15:18 PM com.mycompany.fire_alarm_system.LogGenerator <init>
INFO: Floor 0:
Location: Room 1: 
CO Sensor 37.1 Heat Sensor 0.0 Smoke Sensor 0.0
Floor 1:
Location: Room 1: 
CO Sensor 0.0 Heat Sensor 44.37 Smoke Sensor 0.0
Floor 2:
Floor 3:
Floor 4:
Floor 5:

Nov 17, 2020 11:15:28 PM com.mycompany.fire_alarm_system.LogGenerator <init>
INFO: Floor 0:
Location: Room 1: 
CO Sensor 36.3 Heat Sensor 0.0 Smoke Sensor 0.0
Floor 1:
Location: Room 1: 
CO Sensor 0.0 Heat Sensor 45.08 Smoke Sensor 0.0
Floor 2:
Floor 3:
Floor 4:
Floor 5:

Nov 17, 2020 11:15:38 PM com.mycompany.fire_alarm_system.LogGenerator <init>
INFO: Floor 0:
Location: Room 1: 
CO Sensor 44.74 Heat Sensor 0.0 Smoke Sensor 0.0
Floor 1:
Location: Room 1: 
CO Sensor 0.0 Heat Sensor 34.31 Smoke Sensor 0.0
Floor 2:
Floor 3:
Floor 4:
Floor 5:

Nov 17, 2020 11:15:48 PM com.mycompany.fire_alarm_system.LogGenerator <init>
INFO: Floor 0:
Location: Room 1: 
CO Sensor 40.69 Heat Sensor 0.0 Smoke Sensor 0.0
Floor 1:
Location: Room 1: 
CO Sensor 0.0 Heat Sensor 59.62 Smoke Sensor 0.0
Floor 2:
Floor 3:
Floor 4:
Floor 5:

Nov 17, 2020 11:15:58 PM com.mycompany.fire_alarm_system.LogGenerator <init>
INFO: Floor 0:
Location: Room 1: 
CO Sensor 25.82 Heat Sensor 0.0 Smoke Sensor 0.0
Floor 1:
Location: Room 1: 
CO Sensor 0.0 Heat Sensor 45.35 Smoke Sensor 0.0
Floor 2:
Floor 3:
Floor 4:
Floor 5:

Nov 17, 2020 11:16:08 PM com.mycompany.fire_alarm_system.LogGenerator <init>
INFO: Floor 0:
Location: Room 1: 
CO Sensor 43.34 Heat Sensor 0.0 Smoke Sensor 0.0
Floor 1:
Location: Room 1: 
CO Sensor 0.0 Heat Sensor 67.4 Smoke Sensor 0.0
Floor 2:
Floor 3:
Floor 4:
Floor 5:

Nov 17, 2020 11:16:18 PM com.mycompany.fire_alarm_system.LogGenerator <init>
INFO: Floor 0:
Location: Room 1: 
CO Sensor 32.21 Heat Sensor 0.0 Smoke Sensor 0.0
Floor 1:
Location: Room 1: 
CO Sensor 0.0 Heat Sensor 47.57 Smoke Sensor 0.0
Floor 2:
Floor 3:
Floor 4:
Floor 5:

Nov 17, 2020 11:16:28 PM com.mycompany.fire_alarm_system.LogGenerator <init>
INFO: Floor 0:
Location: Room 1: 
CO Sensor 29.74 Heat Sensor 0.0 Smoke Sensor 0.0
Floor 1:
Location: Room 1: 
CO Sensor 0.0 Heat Sensor 33.87 Smoke Sensor 0.0
Floor 2:
Floor 3:
Floor 4:
Floor 5:

Nov 17, 2020 11:16:38 PM com.mycompany.fire_alarm_system.LogGenerator <init>
INFO: Floor 0:
Location: Room 1: 
CO Sensor 30.4 Heat Sensor 0.0 Smoke Sensor 0.0
Floor 1:
Location: Room 1: 
CO Sensor 0.0 Heat Sensor 36.3 Smoke Sensor 0.0
Floor 2:
Floor 3:
Floor 4:
Floor 5:

Nov 17, 2020 11:16:48 PM com.mycompany.fire_alarm_system.LogGenerator <init>
INFO: Floor 0:
Location: Room 1: 
CO Sensor 43.41 Heat Sensor 0.0 Smoke Sensor 0.0
Floor 1:
Location: Room 1: 
CO Sensor 0.0 Heat Sensor 57.77 Smoke Sensor 0.0
Floor 2:
Floor 3:
Floor 4:
Floor 5:

Nov 17, 2020 11:16:58 PM com.mycompany.fire_alarm_system.LogGenerator <init>
INFO: Floor 0:
Location: Room 1: 
CO Sensor 29.8 Heat Sensor 0.0 Smoke Sensor 0.0
Floor 1:
Location: Room 1: 
CO Sensor 0.0 Heat Sensor 38.66 Smoke Sensor 0.0
Floor 2:
Floor 3:
Floor 4:
Floor 5:

Nov 17, 2020 11:17:08 PM com.mycompany.fire_alarm_system.LogGenerator <init>
INFO: Floor 0:
Location: Room 1: 
CO Sensor 41.35 Heat Sensor 0.0 Smoke Sensor 0.0
Floor 1:
Location: Room 1: 
CO Sensor 0.0 Heat Sensor 38.52 Smoke Sensor 0.0
Floor 2:
Floor 3:
Floor 4:
Floor 5:

Nov 17, 2020 11:17:18 PM com.mycompany.fire_alarm_system.LogGenerator <init>
INFO: Floor 0:
Location: Room 1: 
CO Sensor 33.05 Heat Sensor 0.0 Smoke Sensor 0.0
Floor 1:
Location: Room 1: 
CO Sensor 0.0 Heat Sensor 45.16 Smoke Sensor 0.0
Floor 2:
Floor 3:
Floor 4:
Floor 5:

Nov 17, 2020 11:17:28 PM com.mycompany.fire_alarm_system.LogGenerator <init>
INFO: Floor 0:
Location: Room 1: 
CO Sensor 26.53 Heat Sensor 0.0 Smoke Sensor 0.0
Floor 1:
Location: Room 1: 
CO Sensor 0.0 Heat Sensor 53.28 Smoke Sensor 0.0
Floor 2:
Floor 3:
Floor 4:
Floor 5:

Nov 17, 2020 11:17:38 PM com.mycompany.fire_alarm_system.LogGenerator <init>
INFO: Floor 0:
Location: Room 1: 
CO Sensor 23.2 Heat Sensor 0.0 Smoke Sensor 0.0
Floor 1:
Location: Room 1: 
CO Sensor 0.0 Heat Sensor 47.39 Smoke Sensor 0.0
Floor 2:
Floor 3:
Floor 4:
Floor 5:

Nov 17, 2020 11:17:48 PM com.mycompany.fire_alarm_system.LogGenerator <init>
INFO: Floor 0:
Location: Room 1: 
CO Sensor 21.55 Heat Sensor 0.0 Smoke Sensor 0.0
Floor 1:
Location: Room 1: 
CO Sensor 0.0 Heat Sensor 52.7 Smoke Sensor 0.0
Floor 2:
Floor 3:
Floor 4:
Floor 5:

Nov 17, 2020 11:17:58 PM com.mycompany.fire_alarm_system.LogGenerator <init>
INFO: Floor 0:
Location: Room 1: 
CO Sensor 27.91 Heat Sensor 0.0 Smoke Sensor 0.0
Floor 1:
Location: Room 1: 
CO Sensor 0.0 Heat Sensor 55.03 Smoke Sensor 0.0
Floor 2:
Floor 3:
Floor 4:
Floor 5:

