Nov 13, 2020 9:31:27 PM com.mycompany.fire_alarm_system.LogGenerator main
INFO: Floor0
Location: Room 1: CO Sensor 1 Heat Sensor 2 Smoke Sensor 3
Location: Room 2: CO Sensor 1 Heat Sensor 2 Smoke Sensor 3
Location: Room 3: CO Sensor 1 Heat Sensor 2 Smoke Sensor 3
Location: Room 4: CO Sensor 1 Heat Sensor 2 Smoke Sensor 3
Location: Room 5: CO Sensor 1 Heat Sensor 2 Smoke Sensor 3
Location: Room 6: CO Sensor 1 Heat Sensor 2 Smoke Sensor 3
Location: Lab 1: CO Sensor 1 Heat Sensor 2 Smoke Sensor 3
Location: lab 2: CO Sensor 1 Heat Sensor 2 Smoke Sensor 3
Location: Stairs 1: CO Sensor 1 Heat Sensor 2 Smoke Sensor 3
Location: Strairs 2: CO Sensor 1 Heat Sensor 2 Smoke Sensor 3
Location: Hall: CO Sensor 1 Heat Sensor 2 Smoke Sensor 3

Nov 13, 2020 9:31:27 PM com.mycompany.fire_alarm_system.LogGenerator main
INFO: Floor1
Location: Room 1: CO Sensor 1 Heat Sensor 2 Smoke Sensor 3
Location: Room 2: CO Sensor 1 Heat Sensor 2 Smoke Sensor 3
Location: Room 3: CO Sensor 1 Heat Sensor 2 Smoke Sensor 3
Location: Room 4: CO Sensor 1 Heat Sensor 2 Smoke Sensor 3
Location: Room 5: CO Sensor 1 Heat Sensor 2 Smoke Sensor 3
Location: Room 6: CO Sensor 1 Heat Sensor 2 Smoke Sensor 3
Location: Lab 1: CO Sensor 1 Heat Sensor 2 Smoke Sensor 3
Location: lab 2: CO Sensor 1 Heat Sensor 2 Smoke Sensor 3
Location: Stairs 1: CO Sensor 1 Heat Sensor 2 Smoke Sensor 3
Location: Strairs 2: CO Sensor 1 Heat Sensor 2 Smoke Sensor 3
Location: Hall: CO Sensor 1 Heat Sensor 2 Smoke Sensor 3

Nov 13, 2020 9:31:27 PM com.mycompany.fire_alarm_system.LogGenerator main
INFO: Floor2
Location: Room 1: CO Sensor 1 Heat Sensor 2 Smoke Sensor 3
Location: Room 2: CO Sensor 1 Heat Sensor 2 Smoke Sensor 3
Location: Room 3: CO Sensor 1 Heat Sensor 2 Smoke Sensor 3
Location: Room 4: CO Sensor 1 Heat Sensor 2 Smoke Sensor 3
Location: Room 5: CO Sensor 1 Heat Sensor 2 Smoke Sensor 3
Location: Room 6: CO Sensor 1 Heat Sensor 2 Smoke Sensor 3
Location: Lab 1: CO Sensor 1 Heat Sensor 2 Smoke Sensor 3
Location: lab 2: CO Sensor 1 Heat Sensor 2 Smoke Sensor 3
Location: Stairs 1: CO Sensor 1 Heat Sensor 2 Smoke Sensor 3
Location: Strairs 2: CO Sensor 1 Heat Sensor 2 Smoke Sensor 3
Location: Hall: CO Sensor 1 Heat Sensor 2 Smoke Sensor 3

Nov 13, 2020 9:31:27 PM com.mycompany.fire_alarm_system.LogGenerator main
INFO: Floor3
Location: Room 1: CO Sensor 1 Heat Sensor 2 Smoke Sensor 3
Location: Room 2: CO Sensor 1 Heat Sensor 2 Smoke Sensor 3
Location: Room 3: CO Sensor 1 Heat Sensor 2 Smoke Sensor 3
Location: Room 4: CO Sensor 1 Heat Sensor 2 Smoke Sensor 3
Location: Room 5: CO Sensor 1 Heat Sensor 2 Smoke Sensor 3
Location: Room 6: CO Sensor 1 Heat Sensor 2 Smoke Sensor 3
Location: Lab 1: CO Sensor 1 Heat Sensor 2 Smoke Sensor 3
Location: lab 2: CO Sensor 1 Heat Sensor 2 Smoke Sensor 3
Location: Stairs 1: CO Sensor 1 Heat Sensor 2 Smoke Sensor 3
Location: Strairs 2: CO Sensor 1 Heat Sensor 2 Smoke Sensor 3
Location: Hall: CO Sensor 1 Heat Sensor 2 Smoke Sensor 3

Nov 13, 2020 9:31:27 PM com.mycompany.fire_alarm_system.LogGenerator main
INFO: Floor4
Location: Room 1: CO Sensor 1 Heat Sensor 2 Smoke Sensor 3
Location: Room 2: CO Sensor 1 Heat Sensor 2 Smoke Sensor 3
Location: Room 3: CO Sensor 1 Heat Sensor 2 Smoke Sensor 3
Location: Room 4: CO Sensor 1 Heat Sensor 2 Smoke Sensor 3
Location: Room 5: CO Sensor 1 Heat Sensor 2 Smoke Sensor 3
Location: Room 6: CO Sensor 1 Heat Sensor 2 Smoke Sensor 3
Location: Lab 1: CO Sensor 1 Heat Sensor 2 Smoke Sensor 3
Location: lab 2: CO Sensor 1 Heat Sensor 2 Smoke Sensor 3
Location: Stairs 1: CO Sensor 1 Heat Sensor 2 Smoke Sensor 3
Location: Strairs 2: CO Sensor 1 Heat Sensor 2 Smoke Sensor 3
Location: Hall: CO Sensor 1 Heat Sensor 2 Smoke Sensor 3

Nov 13, 2020 9:31:27 PM com.mycompany.fire_alarm_system.LogGenerator main
INFO: Floor5
Location: Room 1: CO Sensor 1 Heat Sensor 2 Smoke Sensor 3
Location: Room 2: CO Sensor 1 Heat Sensor 2 Smoke Sensor 3
Location: Room 3: CO Sensor 1 Heat Sensor 2 Smoke Sensor 3
Location: Room 4: CO Sensor 1 Heat Sensor 2 Smoke Sensor 3
Location: Room 5: CO Sensor 1 Heat Sensor 2 Smoke Sensor 3
Location: Room 6: CO Sensor 1 Heat Sensor 2 Smoke Sensor 3
Location: Lab 1: CO Sensor 1 Heat Sensor 2 Smoke Sensor 3
Location: lab 2: CO Sensor 1 Heat Sensor 2 Smoke Sensor 3
Location: Stairs 1: CO Sensor 1 Heat Sensor 2 Smoke Sensor 3
Location: Strairs 2: CO Sensor 1 Heat Sensor 2 Smoke Sensor 3
Location: Hall: CO Sensor 1 Heat Sensor 2 Smoke Sensor 3

